<?xml version="1.0" encoding="UTF-8"?>
<testng-results ignored="0" total="1" passed="1" failed="0" skipped="0">
  <reporter-output>
  </reporter-output>
  <suite started-at="2021-09-17T13:16:48Z" name="Default suite" finished-at="2021-09-17T13:17:01Z" duration-ms="13079">
    <groups>
    </groups>
    <test started-at="2021-09-17T13:16:48Z" name="Default test" finished-at="2021-09-17T13:17:01Z" duration-ms="13079">
      <class name="com.inetbanking.testCases.TC_NewCustomer_001">
        <test-method is-config="true" signature="setUp()[pri:0, instance:com.inetbanking.testCases.TC_NewCustomer_001@50dfbc58]" started-at="2021-09-17T13:16:48Z" name="setUp" finished-at="2021-09-17T13:16:54Z" duration-ms="6040" status="PASS">
          <reporter-output>
          </reporter-output>
        </test-method> <!-- setUp -->
        <test-method signature="addNewCustomer()[pri:0, instance:com.inetbanking.testCases.TC_NewCustomer_001@50dfbc58]" started-at="2021-09-17T13:16:54Z" name="addNewCustomer" finished-at="2021-09-17T13:17:01Z" duration-ms="6833" status="PASS">
          <reporter-output>
          </reporter-output>
        </test-method> <!-- addNewCustomer -->
        <test-method is-config="true" signature="tearDown()[pri:0, instance:com.inetbanking.testCases.TC_NewCustomer_001@50dfbc58]" started-at="2021-09-17T13:17:01Z" name="tearDown" finished-at="2021-09-17T13:17:01Z" duration-ms="178" status="PASS">
          <reporter-output>
          </reporter-output>
        </test-method> <!-- tearDown -->
      </class> <!-- com.inetbanking.testCases.TC_NewCustomer_001 -->
    </test> <!-- Default test -->
  </suite> <!-- Default suite -->
</testng-results>
